<?xml version="1.0" encoding="UTF-8"?>
<con:testCase id="a90b9eca-f3e0-4adc-aa41-e8d4924875d8" discardOkResults="true" failOnError="true" failTestCaseOnErrors="true" keepSession="false" name="Test Case 1" searchProperties="true" timeout="0" xmlns:con="http://eviware.com/soapui/config">
  <con:settings>
    <con:setting id="a90b9eca-f3e0-4adc-aa41-e8d4924875d8fileName">Test-Case-1</con:setting>
  </con:settings>
  <con:properties/>
  <con:reportParameters/>
</con:testCase>
