<?xml version="1.0" encoding="UTF-8"?>
<con:testCase id="761b7ebb-cfe6-4961-a9bf-fa74e7e80a96" discardOkResults="true" failOnError="true" failTestCaseOnErrors="true" keepSession="false" name="Test Case 2" searchProperties="true" timeout="0" xmlns:con="http://eviware.com/soapui/config">
  <con:settings>
    <con:setting id="761b7ebb-cfe6-4961-a9bf-fa74e7e80a96fileName">Test-Case-2</con:setting>
  </con:settings>
  <con:properties/>
  <con:reportParameters/>
</con:testCase>
